<?xml version="1.0" encoding="UTF-8"?>
<!-- Generated by org.testng.reporters.JUnitReportReporter -->
<testsuite hostname="Abhijith" failures="0" tests="1" name="com.tricentis.books.TC_DWS_005_Test" time="4.468" errors="0" timestamp="2024-06-15T10:43:42 IST" skipped="0">
  <testcase classname="com.tricentis.books.TC_DWS_005_Test" name="clickOnBooks" time="4.468"/>
  <system-out/>
</testsuite> <!-- com.tricentis.books.TC_DWS_005_Test -->
