<?xml version="1.0" encoding="UTF-8"?>
<!-- Generated by org.testng.reporters.JUnitReportReporter -->
<testsuite hostname="AlokKumarSingh" failures="0" tests="1" name="com.tricentis.books.TC_DWS_005_Test" time="9.219" errors="0" timestamp="2024-06-20T17:09:57 IST" skipped="0">
  <testcase classname="com.tricentis.books.TC_DWS_005_Test" name="clickOnBooks" time="9.219"/>
  <system-out/>
</testsuite> <!-- com.tricentis.books.TC_DWS_005_Test -->
