<?xml version="1.0" encoding="UTF-8"?>
<!-- Generated by org.testng.reporters.JUnitReportReporter -->
<testsuite hostname="AlokKumarSingh" failures="0" tests="1" name="com.tricentis.shoppingcart.TC_DWS_003_Test" time="9.002" errors="0" timestamp="2024-06-20T17:10:58 IST" skipped="0">
  <testcase classname="com.tricentis.shoppingcart.TC_DWS_003_Test" name="addProductToCart" time="9.002"/>
  <system-out/>
</testsuite> <!-- com.tricentis.shoppingcart.TC_DWS_003_Test -->
